#
# There is insufficient memory for the Java Runtime Environment to continue.
# Native memory allocation (malloc) failed to allocate 452112 bytes for Chunk::new
# Possible reasons:
#   The system is out of physical RAM or swap space
#   The process is running with CompressedOops enabled, and the Java Heap may be blocking the growth of the native heap
# Possible solutions:
#   Reduce memory load on the system
#   Increase physical memory or swap space
#   Check if swap backing store is full
#   Decrease Java heap size (-Xmx/-Xms)
#   Decrease number of Java threads
#   Decrease Java thread stack sizes (-Xss)
#   Set larger code cache with -XX:ReservedCodeCacheSize=
#   JVM is running with Zero Based Compressed Oops mode in which the Java heap is
#     placed in the first 32GB address space. The Java Heap base address is the
#     maximum limit for the native heap growth. Please use -XX:HeapBaseMinAddress
#     to set the Java Heap base and to place the Java Heap above 32GB virtual address.
# This output file may be truncated or incomplete.
#
#  Out of Memory Error (./open/src/hotspot/share/memory/arena.cpp:195), pid=13948, tid=5968
#
# JRE version: OpenJDK Runtime Environment (15.0.1+9) (build 15.0.1+9-18)
# Java VM: OpenJDK 64-Bit Server VM (15.0.1+9-18, mixed mode, tiered, compressed oops, g1 gc, windows-amd64)
# No core dump will be written. Minidumps are not enabled by default on client versions of Windows
#

---------------  S U M M A R Y ------------

Command Line: -Dfile.encoding=Cp1252 -XX:+ShowCodeDetailsInExceptionMessages com.bank.Menu.bankStart

Host: AMD Ryzen 3 2200G with Radeon Vega Graphics    , 4 cores, 15G,  Windows 10 , 64 bit Build 18362 (10.0.18362.1316)
Time: Mon Jan 25 12:24:06 2021 Central Standard Time elapsed time: 5.669578 seconds (0d 0h 0m 5s)

---------------  T H R E A D  ---------------

Current thread (0x000001bc33f7c060):  JavaThread "C2 CompilerThread1" daemon [_thread_in_native, id=5968, stack(0x00000011d6c00000,0x00000011d6d00000)]


Current CompileTask:
C2:   5669  752 % !   4       com.sun.crypto.provider.PBKDF2KeyImpl::deriveKey @ 191 (295 bytes)

Stack: [0x00000011d6c00000,0x00000011d6d00000]
Native frames: (J=compiled Java code, j=interpreted, Vv=VM code, C=native code)
V  [jvm.dll+0x62ae9a]
V  [jvm.dll+0x781389]
V  [jvm.dll+0x782ae3]
V  [jvm.dll+0x783143]
V  [jvm.dll+0x216265]
V  [jvm.dll+0x97efa]
V  [jvm.dll+0x985dc]
V  [jvm.dll+0x32e525]
V  [jvm.dll+0x18e0ea]
V  [jvm.dll+0x1ea762]
V  [jvm.dll+0x1e98ae]
V  [jvm.dll+0x1784c7]
V  [jvm.dll+0x1f9165]
V  [jvm.dll+0x1f720c]
V  [jvm.dll+0x74485d]
V  [jvm.dll+0x73d65a]
V  [jvm.dll+0x629c56]
C  [ucrtbase.dll+0x210b2]
C  [KERNEL32.DLL+0x17c24]
C  [ntdll.dll+0x6d4d1]


---------------  P R O C E S S  ---------------

Threads class SMR info:
_java_thread_list=0x000001bc33fa2f60, length=12, elements={
0x000001bc12a37f10, 0x000001bc3300e230, 0x000001bc3388a7c0, 0x000001bc338ab220,
0x000001bc338afb00, 0x000001bc338b0b60, 0x000001bc338b20a0, 0x000001bc338ca520,
0x000001bc338e0540, 0x000001bc33a35360, 0x000001bc33a578d0, 0x000001bc33f7c060
}

Java Threads: ( => current thread )
  0x000001bc12a37f10 JavaThread "main" [_thread_in_vm, id=18096, stack(0x00000011d5900000,0x00000011d5a00000)]
  0x000001bc3300e230 JavaThread "Reference Handler" daemon [_thread_blocked, id=12524, stack(0x00000011d6000000,0x00000011d6100000)]
  0x000001bc3388a7c0 JavaThread "Finalizer" daemon [_thread_blocked, id=19840, stack(0x00000011d6100000,0x00000011d6200000)]
  0x000001bc338ab220 JavaThread "Signal Dispatcher" daemon [_thread_blocked, id=18340, stack(0x00000011d6200000,0x00000011d6300000)]
  0x000001bc338afb00 JavaThread "Attach Listener" daemon [_thread_blocked, id=3532, stack(0x00000011d6300000,0x00000011d6400000)]
  0x000001bc338b0b60 JavaThread "Service Thread" daemon [_thread_blocked, id=15116, stack(0x00000011d6400000,0x00000011d6500000)]
  0x000001bc338b20a0 JavaThread "C2 CompilerThread0" daemon [_thread_blocked, id=14888, stack(0x00000011d6500000,0x00000011d6600000)]
  0x000001bc338ca520 JavaThread "C1 CompilerThread0" daemon [_thread_blocked, id=20372, stack(0x00000011d6600000,0x00000011d6700000)]
  0x000001bc338e0540 JavaThread "Sweeper thread" daemon [_thread_blocked, id=16764, stack(0x00000011d6700000,0x00000011d6800000)]
  0x000001bc33a35360 JavaThread "Notification Thread" daemon [_thread_blocked, id=12888, stack(0x00000011d6800000,0x00000011d6900000)]
  0x000001bc33a578d0 JavaThread "Common-Cleaner" daemon [_thread_blocked, id=3836, stack(0x00000011d6a00000,0x00000011d6b00000)]
=>0x000001bc33f7c060 JavaThread "C2 CompilerThread1" daemon [_thread_in_native, id=5968, stack(0x00000011d6c00000,0x00000011d6d00000)]

Other Threads:
  0x000001bc3300d430 VMThread "VM Thread" [stack: 0x00000011d5f00000,0x00000011d6000000] [id=17844]
  0x000001bc33a36040 WatcherThread [stack: 0x00000011d6900000,0x00000011d6a00000] [id=2952]
  0x000001bc12a8bfd0 GCTaskThread "GC Thread#0" [stack: 0x00000011d5a00000,0x00000011d5b00000] [id=18780]
  0x000001bc12a9d0b0 ConcurrentGCThread "G1 Main Marker" [stack: 0x00000011d5b00000,0x00000011d5c00000] [id=12496]
  0x000001bc12a9dc30 ConcurrentGCThread "G1 Conc#0" [stack: 0x00000011d5c00000,0x00000011d5d00000] [id=10176]
  0x000001bc12afdb80 ConcurrentGCThread "G1 Refine#0" [stack: 0x00000011d5d00000,0x00000011d5e00000] [id=19584]
  0x000001bc12afe690 ConcurrentGCThread "G1 Young RemSet Sampling" [stack: 0x00000011d5e00000,0x00000011d5f00000] [id=19108]

Threads with active compile tasks:
C2 CompilerThread1     5688  752 % !   4       com.sun.crypto.provider.PBKDF2KeyImpl::deriveKey @ 191 (295 bytes)

VM state: not at safepoint (normal execution)

VM Mutex/Monitor currently owned by a thread: None

Heap address: 0x0000000701000000, size: 4080 MB, Compressed Oops mode: Zero based, Oop shift amount: 3
CDS disabled.
Compressed class space mapped at: 0x0000000800000000-0x0000000840000000, size: 1073741824
Narrow klass base: 0x0000000800000000, Narrow klass shift: 0, Narrow klass range: 0x40000000

GC Precious Log:
 CPUs: 4 total, 4 available
 Memory: 16313M
 Large Page Support: Disabled
 NUMA Support: Disabled
 Compressed Oops: Enabled (Zero based)
 Heap Region Size: 2M
 Heap Min Capacity: 8M
 Heap Initial Capacity: 256M
 Heap Max Capacity: 4080M
 Pre-touch: Disabled
 Parallel Workers: 4
 Concurrent Workers: 1
 Concurrent Refinement Workers: 4
 Periodic GC: Disabled

Heap:
 garbage-first heap   total 262144K, used 8192K [0x0000000701000000, 0x0000000800000000)
  region size 2048K, 5 young (10240K), 0 survivors (0K)
 Metaspace       used 12473K, capacity 12652K, committed 12800K, reserved 1060864K
  class space    used 1166K, capacity 1233K, committed 1280K, reserved 1048576K

Heap Regions: E=young(eden), S=young(survivor), O=old, HS=humongous(starts), HC=humongous(continues), CS=collection set, F=free, OA=open archive, CA=closed archive, TAMS=top-at-mark-start (previous, next)
|   0|0x0000000701000000, 0x0000000701000000, 0x0000000701200000|  0%| F|  |TAMS 0x0000000701000000, 0x0000000701000000| Untracked 
|   1|0x0000000701200000, 0x0000000701200000, 0x0000000701400000|  0%| F|  |TAMS 0x0000000701200000, 0x0000000701200000| Untracked 
|   2|0x0000000701400000, 0x0000000701400000, 0x0000000701600000|  0%| F|  |TAMS 0x0000000701400000, 0x0000000701400000| Untracked 
|   3|0x0000000701600000, 0x0000000701600000, 0x0000000701800000|  0%| F|  |TAMS 0x0000000701600000, 0x0000000701600000| Untracked 
|   4|0x0000000701800000, 0x0000000701800000, 0x0000000701a00000|  0%| F|  |TAMS 0x0000000701800000, 0x0000000701800000| Untracked 
|   5|0x0000000701a00000, 0x0000000701a00000, 0x0000000701c00000|  0%| F|  |TAMS 0x0000000701a00000, 0x0000000701a00000| Untracked 
|   6|0x0000000701c00000, 0x0000000701c00000, 0x0000000701e00000|  0%| F|  |TAMS 0x0000000701c00000, 0x0000000701c00000| Untracked 
|   7|0x0000000701e00000, 0x0000000701e00000, 0x0000000702000000|  0%| F|  |TAMS 0x0000000701e00000, 0x0000000701e00000| Untracked 
|   8|0x0000000702000000, 0x0000000702000000, 0x0000000702200000|  0%| F|  |TAMS 0x0000000702000000, 0x0000000702000000| Untracked 
|   9|0x0000000702200000, 0x0000000702200000, 0x0000000702400000|  0%| F|  |TAMS 0x0000000702200000, 0x0000000702200000| Untracked 
|  10|0x0000000702400000, 0x0000000702400000, 0x0000000702600000|  0%| F|  |TAMS 0x0000000702400000, 0x0000000702400000| Untracked 
|  11|0x0000000702600000, 0x0000000702600000, 0x0000000702800000|  0%| F|  |TAMS 0x0000000702600000, 0x0000000702600000| Untracked 
|  12|0x0000000702800000, 0x0000000702800000, 0x0000000702a00000|  0%| F|  |TAMS 0x0000000702800000, 0x0000000702800000| Untracked 
|  13|0x0000000702a00000, 0x0000000702a00000, 0x0000000702c00000|  0%| F|  |TAMS 0x0000000702a00000, 0x0000000702a00000| Untracked 
|  14|0x0000000702c00000, 0x0000000702c00000, 0x0000000702e00000|  0%| F|  |TAMS 0x0000000702c00000, 0x0000000702c00000| Untracked 
|  15|0x0000000702e00000, 0x0000000702e00000, 0x0000000703000000|  0%| F|  |TAMS 0x0000000702e00000, 0x0000000702e00000| Untracked 
|  16|0x0000000703000000, 0x0000000703000000, 0x0000000703200000|  0%| F|  |TAMS 0x0000000703000000, 0x0000000703000000| Untracked 
|  17|0x0000000703200000, 0x0000000703200000, 0x0000000703400000|  0%| F|  |TAMS 0x0000000703200000, 0x0000000703200000| Untracked 
|  18|0x0000000703400000, 0x0000000703400000, 0x0000000703600000|  0%| F|  |TAMS 0x0000000703400000, 0x0000000703400000| Untracked 
|  19|0x0000000703600000, 0x0000000703600000, 0x0000000703800000|  0%| F|  |TAMS 0x0000000703600000, 0x0000000703600000| Untracked 
|  20|0x0000000703800000, 0x0000000703800000, 0x0000000703a00000|  0%| F|  |TAMS 0x0000000703800000, 0x0000000703800000| Untracked 
|  21|0x0000000703a00000, 0x0000000703a00000, 0x0000000703c00000|  0%| F|  |TAMS 0x0000000703a00000, 0x0000000703a00000| Untracked 
|  22|0x0000000703c00000, 0x0000000703c00000, 0x0000000703e00000|  0%| F|  |TAMS 0x0000000703c00000, 0x0000000703c00000| Untracked 
|  23|0x0000000703e00000, 0x0000000703e00000, 0x0000000704000000|  0%| F|  |TAMS 0x0000000703e00000, 0x0000000703e00000| Untracked 
|  24|0x0000000704000000, 0x0000000704000000, 0x0000000704200000|  0%| F|  |TAMS 0x0000000704000000, 0x0000000704000000| Untracked 
|  25|0x0000000704200000, 0x0000000704200000, 0x0000000704400000|  0%| F|  |TAMS 0x0000000704200000, 0x0000000704200000| Untracked 
|  26|0x0000000704400000, 0x0000000704400000, 0x0000000704600000|  0%| F|  |TAMS 0x0000000704400000, 0x0000000704400000| Untracked 
|  27|0x0000000704600000, 0x0000000704600000, 0x0000000704800000|  0%| F|  |TAMS 0x0000000704600000, 0x0000000704600000| Untracked 
|  28|0x0000000704800000, 0x0000000704800000, 0x0000000704a00000|  0%| F|  |TAMS 0x0000000704800000, 0x0000000704800000| Untracked 
|  29|0x0000000704a00000, 0x0000000704a00000, 0x0000000704c00000|  0%| F|  |TAMS 0x0000000704a00000, 0x0000000704a00000| Untracked 
|  30|0x0000000704c00000, 0x0000000704c00000, 0x0000000704e00000|  0%| F|  |TAMS 0x0000000704c00000, 0x0000000704c00000| Untracked 
|  31|0x0000000704e00000, 0x0000000704e00000, 0x0000000705000000|  0%| F|  |TAMS 0x0000000704e00000, 0x0000000704e00000| Untracked 
|  32|0x0000000705000000, 0x0000000705000000, 0x0000000705200000|  0%| F|  |TAMS 0x0000000705000000, 0x0000000705000000| Untracked 
|  33|0x0000000705200000, 0x0000000705200000, 0x0000000705400000|  0%| F|  |TAMS 0x0000000705200000, 0x0000000705200000| Untracked 
|  34|0x0000000705400000, 0x0000000705400000, 0x0000000705600000|  0%| F|  |TAMS 0x0000000705400000, 0x0000000705400000| Untracked 
|  35|0x0000000705600000, 0x0000000705600000, 0x0000000705800000|  0%| F|  |TAMS 0x0000000705600000, 0x0000000705600000| Untracked 
|  36|0x0000000705800000, 0x0000000705800000, 0x0000000705a00000|  0%| F|  |TAMS 0x0000000705800000, 0x0000000705800000| Untracked 
|  37|0x0000000705a00000, 0x0000000705a00000, 0x0000000705c00000|  0%| F|  |TAMS 0x0000000705a00000, 0x0000000705a00000| Untracked 
|  38|0x0000000705c00000, 0x0000000705c00000, 0x0000000705e00000|  0%| F|  |TAMS 0x0000000705c00000, 0x0000000705c00000| Untracked 
|  39|0x0000000705e00000, 0x0000000705e00000, 0x0000000706000000|  0%| F|  |TAMS 0x0000000705e00000, 0x0000000705e00000| Untracked 
|  40|0x0000000706000000, 0x0000000706000000, 0x0000000706200000|  0%| F|  |TAMS 0x0000000706000000, 0x0000000706000000| Untracked 
|  41|0x0000000706200000, 0x0000000706200000, 0x0000000706400000|  0%| F|  |TAMS 0x0000000706200000, 0x0000000706200000| Untracked 
|  42|0x0000000706400000, 0x0000000706400000, 0x0000000706600000|  0%| F|  |TAMS 0x0000000706400000, 0x0000000706400000| Untracked 
|  43|0x0000000706600000, 0x0000000706600000, 0x0000000706800000|  0%| F|  |TAMS 0x0000000706600000, 0x0000000706600000| Untracked 
|  44|0x0000000706800000, 0x0000000706800000, 0x0000000706a00000|  0%| F|  |TAMS 0x0000000706800000, 0x0000000706800000| Untracked 
|  45|0x0000000706a00000, 0x0000000706a00000, 0x0000000706c00000|  0%| F|  |TAMS 0x0000000706a00000, 0x0000000706a00000| Untracked 
|  46|0x0000000706c00000, 0x0000000706c00000, 0x0000000706e00000|  0%| F|  |TAMS 0x0000000706c00000, 0x0000000706c00000| Untracked 
|  47|0x0000000706e00000, 0x0000000706e00000, 0x0000000707000000|  0%| F|  |TAMS 0x0000000706e00000, 0x0000000706e00000| Untracked 
|  48|0x0000000707000000, 0x0000000707000000, 0x0000000707200000|  0%| F|  |TAMS 0x0000000707000000, 0x0000000707000000| Untracked 
|  49|0x0000000707200000, 0x0000000707200000, 0x0000000707400000|  0%| F|  |TAMS 0x0000000707200000, 0x0000000707200000| Untracked 
|  50|0x0000000707400000, 0x0000000707400000, 0x0000000707600000|  0%| F|  |TAMS 0x0000000707400000, 0x0000000707400000| Untracked 
|  51|0x0000000707600000, 0x0000000707600000, 0x0000000707800000|  0%| F|  |TAMS 0x0000000707600000, 0x0000000707600000| Untracked 
|  52|0x0000000707800000, 0x0000000707800000, 0x0000000707a00000|  0%| F|  |TAMS 0x0000000707800000, 0x0000000707800000| Untracked 
|  53|0x0000000707a00000, 0x0000000707a00000, 0x0000000707c00000|  0%| F|  |TAMS 0x0000000707a00000, 0x0000000707a00000| Untracked 
|  54|0x0000000707c00000, 0x0000000707c00000, 0x0000000707e00000|  0%| F|  |TAMS 0x0000000707c00000, 0x0000000707c00000| Untracked 
|  55|0x0000000707e00000, 0x0000000707e00000, 0x0000000708000000|  0%| F|  |TAMS 0x0000000707e00000, 0x0000000707e00000| Untracked 
|  56|0x0000000708000000, 0x0000000708000000, 0x0000000708200000|  0%| F|  |TAMS 0x0000000708000000, 0x0000000708000000| Untracked 
|  57|0x0000000708200000, 0x0000000708200000, 0x0000000708400000|  0%| F|  |TAMS 0x0000000708200000, 0x0000000708200000| Untracked 
|  58|0x0000000708400000, 0x0000000708400000, 0x0000000708600000|  0%| F|  |TAMS 0x0000000708400000, 0x0000000708400000| Untracked 
|  59|0x0000000708600000, 0x0000000708600000, 0x0000000708800000|  0%| F|  |TAMS 0x0000000708600000, 0x0000000708600000| Untracked 
|  60|0x0000000708800000, 0x0000000708800000, 0x0000000708a00000|  0%| F|  |TAMS 0x0000000708800000, 0x0000000708800000| Untracked 
|  61|0x0000000708a00000, 0x0000000708a00000, 0x0000000708c00000|  0%| F|  |TAMS 0x0000000708a00000, 0x0000000708a00000| Untracked 
|  62|0x0000000708c00000, 0x0000000708c00000, 0x0000000708e00000|  0%| F|  |TAMS 0x0000000708c00000, 0x0000000708c00000| Untracked 
|  63|0x0000000708e00000, 0x0000000708e00000, 0x0000000709000000|  0%| F|  |TAMS 0x0000000708e00000, 0x0000000708e00000| Untracked 
|  64|0x0000000709000000, 0x0000000709000000, 0x0000000709200000|  0%| F|  |TAMS 0x0000000709000000, 0x0000000709000000| Untracked 
|  65|0x0000000709200000, 0x0000000709200000, 0x0000000709400000|  0%| F|  |TAMS 0x0000000709200000, 0x0000000709200000| Untracked 
|  66|0x0000000709400000, 0x0000000709400000, 0x0000000709600000|  0%| F|  |TAMS 0x0000000709400000, 0x0000000709400000| Untracked 
|  67|0x0000000709600000, 0x0000000709600000, 0x0000000709800000|  0%| F|  |TAMS 0x0000000709600000, 0x0000000709600000| Untracked 
|  68|0x0000000709800000, 0x0000000709800000, 0x0000000709a00000|  0%| F|  |TAMS 0x0000000709800000, 0x0000000709800000| Untracked 
|  69|0x0000000709a00000, 0x0000000709a00000, 0x0000000709c00000|  0%| F|  |TAMS 0x0000000709a00000, 0x0000000709a00000| Untracked 
|  70|0x0000000709c00000, 0x0000000709c00000, 0x0000000709e00000|  0%| F|  |TAMS 0x0000000709c00000, 0x0000000709c00000| Untracked 
|  71|0x0000000709e00000, 0x0000000709e00000, 0x000000070a000000|  0%| F|  |TAMS 0x0000000709e00000, 0x0000000709e00000| Untracked 
|  72|0x000000070a000000, 0x000000070a000000, 0x000000070a200000|  0%| F|  |TAMS 0x000000070a000000, 0x000000070a000000| Untracked 
|  73|0x000000070a200000, 0x000000070a200000, 0x000000070a400000|  0%| F|  |TAMS 0x000000070a200000, 0x000000070a200000| Untracked 
|  74|0x000000070a400000, 0x000000070a400000, 0x000000070a600000|  0%| F|  |TAMS 0x000000070a400000, 0x000000070a400000| Untracked 
|  75|0x000000070a600000, 0x000000070a600000, 0x000000070a800000|  0%| F|  |TAMS 0x000000070a600000, 0x000000070a600000| Untracked 
|  76|0x000000070a800000, 0x000000070a800000, 0x000000070aa00000|  0%| F|  |TAMS 0x000000070a800000, 0x000000070a800000| Untracked 
|  77|0x000000070aa00000, 0x000000070aa00000, 0x000000070ac00000|  0%| F|  |TAMS 0x000000070aa00000, 0x000000070aa00000| Untracked 
|  78|0x000000070ac00000, 0x000000070ac00000, 0x000000070ae00000|  0%| F|  |TAMS 0x000000070ac00000, 0x000000070ac00000| Untracked 
|  79|0x000000070ae00000, 0x000000070ae00000, 0x000000070b000000|  0%| F|  |TAMS 0x000000070ae00000, 0x000000070ae00000| Untracked 
|  80|0x000000070b000000, 0x000000070b000000, 0x000000070b200000|  0%| F|  |TAMS 0x000000070b000000, 0x000000070b000000| Untracked 
|  81|0x000000070b200000, 0x000000070b200000, 0x000000070b400000|  0%| F|  |TAMS 0x000000070b200000, 0x000000070b200000| Untracked 
|  82|0x000000070b400000, 0x000000070b400000, 0x000000070b600000|  0%| F|  |TAMS 0x000000070b400000, 0x000000070b400000| Untracked 
|  83|0x000000070b600000, 0x000000070b600000, 0x000000070b800000|  0%| F|  |TAMS 0x000000070b600000, 0x000000070b600000| Untracked 
|  84|0x000000070b800000, 0x000000070b800000, 0x000000070ba00000|  0%| F|  |TAMS 0x000000070b800000, 0x000000070b800000| Untracked 
|  85|0x000000070ba00000, 0x000000070ba00000, 0x000000070bc00000|  0%| F|  |TAMS 0x000000070ba00000, 0x000000070ba00000| Untracked 
|  86|0x000000070bc00000, 0x000000070bc00000, 0x000000070be00000|  0%| F|  |TAMS 0x000000070bc00000, 0x000000070bc00000| Untracked 
|  87|0x000000070be00000, 0x000000070be00000, 0x000000070c000000|  0%| F|  |TAMS 0x000000070be00000, 0x000000070be00000| Untracked 
|  88|0x000000070c000000, 0x000000070c000000, 0x000000070c200000|  0%| F|  |TAMS 0x000000070c000000, 0x000000070c000000| Untracked 
|  89|0x000000070c200000, 0x000000070c200000, 0x000000070c400000|  0%| F|  |TAMS 0x000000070c200000, 0x000000070c200000| Untracked 
|  90|0x000000070c400000, 0x000000070c400000, 0x000000070c600000|  0%| F|  |TAMS 0x000000070c400000, 0x000000070c400000| Untracked 
|  91|0x000000070c600000, 0x000000070c600000, 0x000000070c800000|  0%| F|  |TAMS 0x000000070c600000, 0x000000070c600000| Untracked 
|  92|0x000000070c800000, 0x000000070c800000, 0x000000070ca00000|  0%| F|  |TAMS 0x000000070c800000, 0x000000070c800000| Untracked 
|  93|0x000000070ca00000, 0x000000070ca00000, 0x000000070cc00000|  0%| F|  |TAMS 0x000000070ca00000, 0x000000070ca00000| Untracked 
|  94|0x000000070cc00000, 0x000000070cc00000, 0x000000070ce00000|  0%| F|  |TAMS 0x000000070cc00000, 0x000000070cc00000| Untracked 
|  95|0x000000070ce00000, 0x000000070ce00000, 0x000000070d000000|  0%| F|  |TAMS 0x000000070ce00000, 0x000000070ce00000| Untracked 
|  96|0x000000070d000000, 0x000000070d000000, 0x000000070d200000|  0%| F|  |TAMS 0x000000070d000000, 0x000000070d000000| Untracked 
|  97|0x000000070d200000, 0x000000070d200000, 0x000000070d400000|  0%| F|  |TAMS 0x000000070d200000, 0x000000070d200000| Untracked 
|  98|0x000000070d400000, 0x000000070d400000, 0x000000070d600000|  0%| F|  |TAMS 0x000000070d400000, 0x000000070d400000| Untracked 
|  99|0x000000070d600000, 0x000000070d600000, 0x000000070d800000|  0%| F|  |TAMS 0x000000070d600000, 0x000000070d600000| Untracked 
| 100|0x000000070d800000, 0x000000070d800000, 0x000000070da00000|  0%| F|  |TAMS 0x000000070d800000, 0x000000070d800000| Untracked 
| 101|0x000000070da00000, 0x000000070da00000, 0x000000070dc00000|  0%| F|  |TAMS 0x000000070da00000, 0x000000070da00000| Untracked 
| 102|0x000000070dc00000, 0x000000070dc00000, 0x000000070de00000|  0%| F|  |TAMS 0x000000070dc00000, 0x000000070dc00000| Untracked 
| 103|0x000000070de00000, 0x000000070de00000, 0x000000070e000000|  0%| F|  |TAMS 0x000000070de00000, 0x000000070de00000| Untracked 
| 104|0x000000070e000000, 0x000000070e000000, 0x000000070e200000|  0%| F|  |TAMS 0x000000070e000000, 0x000000070e000000| Untracked 
| 105|0x000000070e200000, 0x000000070e200000, 0x000000070e400000|  0%| F|  |TAMS 0x000000070e200000, 0x000000070e200000| Untracked 
| 106|0x000000070e400000, 0x000000070e400000, 0x000000070e600000|  0%| F|  |TAMS 0x000000070e400000, 0x000000070e400000| Untracked 
| 107|0x000000070e600000, 0x000000070e600000, 0x000000070e800000|  0%| F|  |TAMS 0x000000070e600000, 0x000000070e600000| Untracked 
| 108|0x000000070e800000, 0x000000070e800000, 0x000000070ea00000|  0%| F|  |TAMS 0x000000070e800000, 0x000000070e800000| Untracked 
| 109|0x000000070ea00000, 0x000000070ea00000, 0x000000070ec00000|  0%| F|  |TAMS 0x000000070ea00000, 0x000000070ea00000| Untracked 
| 110|0x000000070ec00000, 0x000000070ec00000, 0x000000070ee00000|  0%| F|  |TAMS 0x000000070ec00000, 0x000000070ec00000| Untracked 
| 111|0x000000070ee00000, 0x000000070ee00000, 0x000000070f000000|  0%| F|  |TAMS 0x000000070ee00000, 0x000000070ee00000| Untracked 
| 112|0x000000070f000000, 0x000000070f000000, 0x000000070f200000|  0%| F|  |TAMS 0x000000070f000000, 0x000000070f000000| Untracked 
| 113|0x000000070f200000, 0x000000070f200000, 0x000000070f400000|  0%| F|  |TAMS 0x000000070f200000, 0x000000070f200000| Untracked 
| 114|0x000000070f400000, 0x000000070f400000, 0x000000070f600000|  0%| F|  |TAMS 0x000000070f400000, 0x000000070f400000| Untracked 
| 115|0x000000070f600000, 0x000000070f600000, 0x000000070f800000|  0%| F|  |TAMS 0x000000070f600000, 0x000000070f600000| Untracked 
| 116|0x000000070f800000, 0x000000070f800000, 0x000000070fa00000|  0%| F|  |TAMS 0x000000070f800000, 0x000000070f800000| Untracked 
| 117|0x000000070fa00000, 0x000000070fa00000, 0x000000070fc00000|  0%| F|  |TAMS 0x000000070fa00000, 0x000000070fa00000| Untracked 
| 118|0x000000070fc00000, 0x000000070fc00000, 0x000000070fe00000|  0%| F|  |TAMS 0x000000070fc00000, 0x000000070fc00000| Untracked 
| 119|0x000000070fe00000, 0x000000070fe00000, 0x0000000710000000|  0%| F|  |TAMS 0x000000070fe00000, 0x000000070fe00000| Untracked 
| 120|0x0000000710000000, 0x0000000710000000, 0x0000000710200000|  0%| F|  |TAMS 0x0000000710000000, 0x0000000710000000| Untracked 
| 121|0x0000000710200000, 0x0000000710200000, 0x0000000710400000|  0%| F|  |TAMS 0x0000000710200000, 0x0000000710200000| Untracked 
| 122|0x0000000710400000, 0x0000000710400000, 0x0000000710600000|  0%| F|  |TAMS 0x0000000710400000, 0x0000000710400000| Untracked 
| 123|0x0000000710600000, 0x0000000710750308, 0x0000000710800000| 65%| E|  |TAMS 0x0000000710600000, 0x0000000710600000| Complete 
| 124|0x0000000710800000, 0x0000000710a00000, 0x0000000710a00000|100%| E|CS|TAMS 0x0000000710800000, 0x0000000710800000| Complete 
| 125|0x0000000710a00000, 0x0000000710c00000, 0x0000000710c00000|100%| E|CS|TAMS 0x0000000710a00000, 0x0000000710a00000| Complete 
| 126|0x0000000710c00000, 0x0000000710e00000, 0x0000000710e00000|100%| E|CS|TAMS 0x0000000710c00000, 0x0000000710c00000| Complete 
| 127|0x0000000710e00000, 0x0000000711000000, 0x0000000711000000|100%| E|CS|TAMS 0x0000000710e00000, 0x0000000710e00000| Complete 

Card table byte_map: [0x000001bc27a50000,0x000001bc28250000] _byte_map_base: 0x000001bc24248000

Marking Bits (Prev, Next): (CMBitMap*) 0x000001bc12a8c750, (CMBitMap*) 0x000001bc12a8c790
 Prev Bits: [0x000001bc28a50000, 0x000001bc2ca10000)
 Next Bits: [0x000001bc2ca10000, 0x000001bc309d0000)

Polling page: 0x000001bc12850000

Metaspace:

Usage:
  Non-class:     11.28 MB capacity,    11.11 MB ( 98%) used,   162.33 KB (  1%) free+waste,    11.06 KB ( <1%) overhead. 
      Class:      1.20 MB capacity,     1.15 MB ( 95%) used,    55.35 KB (  4%) free+waste,     3.94 KB ( <1%) overhead. 
       Both:     12.48 MB capacity,    12.25 MB ( 98%) used,   217.68 KB (  2%) free+waste,    15.00 KB ( <1%) overhead. 

Virtual space:
  Non-class space:       12.00 MB reserved,      11.50 MB ( 96%) committed 
      Class space:        1.00 GB reserved,       1.25 MB ( <1%) committed 
             Both:        1.01 GB reserved,      12.75 MB (  1%) committed 

Chunk freelists:
   Non-Class:  37.00 KB
       Class:  15.00 KB
        Both:  52.00 KB

MaxMetaspaceSize: 17179869184.00 GB
CompressedClassSpaceSize: 1.00 GB

CodeHeap 'non-profiled nmethods': size=120000Kb used=257Kb max_used=257Kb free=119742Kb
 bounds [0x000001bc1f700000, 0x000001bc1f970000, 0x000001bc26c30000]
CodeHeap 'profiled nmethods': size=120000Kb used=1216Kb max_used=1216Kb free=118783Kb
 bounds [0x000001bc181d0000, 0x000001bc18440000, 0x000001bc1f700000]
CodeHeap 'non-nmethods': size=5760Kb used=1171Kb max_used=1187Kb free=4588Kb
 bounds [0x000001bc17c30000, 0x000001bc17ea0000, 0x000001bc181d0000]
 total_blobs=1234 nmethods=804 adapters=343
 compilation: enabled
              stopped_count=0, restarted_count=0
 full_count=0

Compilation events (20 events):
Event: 5.664 Thread 0x000001bc338ca520  774   !   3       jdk.internal.loader.URLClassPath$JarLoader::ensureOpen (36 bytes)
Event: 5.664 Thread 0x000001bc338ca520 nmethod 774 0x000001bc182f2c10 code [0x000001bc182f2de0, 0x000001bc182f32b8]
Event: 5.664 Thread 0x000001bc338ca520  778   !   3       java.util.zip.ZipFile::getEntry (59 bytes)
Event: 5.664 Thread 0x000001bc338ca520 nmethod 778 0x000001bc182f3490 code [0x000001bc182f3680, 0x000001bc182f3af8]
Event: 5.664 Thread 0x000001bc338ca520  776       3       java.util.zip.ZipUtils::CENLEN (9 bytes)
Event: 5.664 Thread 0x000001bc338ca520 nmethod 776 0x000001bc182f3d90 code [0x000001bc182f3f40, 0x000001bc182f4218]
Event: 5.664 Thread 0x000001bc338ca520  779   !   3       jdk.internal.loader.URLClassPath$JarLoader::getResource (65 bytes)
Event: 5.665 Thread 0x000001bc338ca520 nmethod 779 0x000001bc182f4390 code [0x000001bc182f45e0, 0x000001bc182f4fe8]
Event: 5.665 Thread 0x000001bc338ca520  780       1       java.util.zip.ZipEntry::getSize (5 bytes)
Event: 5.665 Thread 0x000001bc338ca520 nmethod 780 0x000001bc1f73e590 code [0x000001bc1f73e720, 0x000001bc1f73e7d8]
Event: 5.665 Thread 0x000001bc338ca520  781       1       java.util.jar.Manifest::getEntries (5 bytes)
Event: 5.665 Thread 0x000001bc338ca520 nmethod 781 0x000001bc1f73e890 code [0x000001bc1f73ea20, 0x000001bc1f73ead8]
Event: 5.665 Thread 0x000001bc338ca520  782       1       java.util.jar.Manifest::getMainAttributes (5 bytes)
Event: 5.665 Thread 0x000001bc338ca520 nmethod 782 0x000001bc1f73eb90 code [0x000001bc1f73ed20, 0x000001bc1f73edd8]
Event: 5.665 Thread 0x000001bc338ca520  783       1       java.util.logging.LogManager$LoggerContext::getOwner (5 bytes)
Event: 5.665 Thread 0x000001bc338ca520 nmethod 783 0x000001bc1f73ee90 code [0x000001bc1f73f020, 0x000001bc1f73f0d8]
Event: 5.666 Thread 0x000001bc338ca520  784   !   3       java.util.concurrent.ConcurrentHashMap::computeIfAbsent (576 bytes)
Event: 5.666 Thread 0x000001bc338b20a0  785 %     4       java.lang.StringLatin1::indexOf @ 30 (121 bytes)
Event: 5.668 Thread 0x000001bc338ca520 nmethod 784 0x000001bc182f5310 code [0x000001bc182f5720, 0x000001bc182f7af8]
Event: 5.668 Thread 0x000001bc338ca520  786       3       java.lang.String::concat (15 bytes)

GC Heap History (0 events):
No events

Deoptimization events (20 events):
Event: 5.642 Thread 0x000001bc12a37f10 DEOPT PACKING pc=0x000001bc182e16ae sp=0x00000011d59fe790
Event: 5.642 Thread 0x000001bc12a37f10 DEOPT UNPACKING pc=0x000001bc17c7e23f sp=0x00000011d59fdce8 mode 0
Event: 5.642 Thread 0x000001bc12a37f10 DEOPT PACKING pc=0x000001bc182d1e94 sp=0x00000011d59fe3b0
Event: 5.642 Thread 0x000001bc12a37f10 DEOPT UNPACKING pc=0x000001bc17c7e23f sp=0x00000011d59fd868 mode 0
Event: 5.643 Thread 0x000001bc12a37f10 DEOPT PACKING pc=0x000001bc182d1e94 sp=0x00000011d59fe340
Event: 5.643 Thread 0x000001bc12a37f10 DEOPT UNPACKING pc=0x000001bc17c7e23f sp=0x00000011d59fd7f8 mode 0
Event: 5.643 Thread 0x000001bc12a37f10 DEOPT PACKING pc=0x000001bc182d1e94 sp=0x00000011d59fe340
Event: 5.643 Thread 0x000001bc12a37f10 DEOPT UNPACKING pc=0x000001bc17c7e23f sp=0x00000011d59fd7f8 mode 0
Event: 5.643 Thread 0x000001bc12a37f10 DEOPT PACKING pc=0x000001bc182e16ae sp=0x00000011d59fe790
Event: 5.643 Thread 0x000001bc12a37f10 DEOPT UNPACKING pc=0x000001bc17c7e23f sp=0x00000011d59fdce8 mode 0
Event: 5.643 Thread 0x000001bc12a37f10 DEOPT PACKING pc=0x000001bc182d1e94 sp=0x00000011d59fe340
Event: 5.643 Thread 0x000001bc12a37f10 DEOPT UNPACKING pc=0x000001bc17c7e23f sp=0x00000011d59fd7f8 mode 0
Event: 5.644 Thread 0x000001bc12a37f10 DEOPT PACKING pc=0x000001bc182d1e94 sp=0x00000011d59fe340
Event: 5.644 Thread 0x000001bc12a37f10 DEOPT UNPACKING pc=0x000001bc17c7e23f sp=0x00000011d59fd7f8 mode 0
Event: 5.644 Thread 0x000001bc12a37f10 DEOPT PACKING pc=0x000001bc182d1e94 sp=0x00000011d59fe340
Event: 5.644 Thread 0x000001bc12a37f10 DEOPT UNPACKING pc=0x000001bc17c7e23f sp=0x00000011d59fd7f8 mode 0
Event: 5.644 Thread 0x000001bc12a37f10 DEOPT PACKING pc=0x000001bc182d1e94 sp=0x00000011d59fe340
Event: 5.644 Thread 0x000001bc12a37f10 DEOPT UNPACKING pc=0x000001bc17c7e23f sp=0x00000011d59fd7f8 mode 0
Event: 5.645 Thread 0x000001bc12a37f10 DEOPT PACKING pc=0x000001bc182e16ae sp=0x00000011d59fe790
Event: 5.645 Thread 0x000001bc12a37f10 DEOPT UNPACKING pc=0x000001bc17c7e23f sp=0x00000011d59fdce8 mode 0

Classes unloaded (0 events):
No events

Classes redefined (0 events):
No events

Internal exceptions (12 events):
Event: 5.331 Thread 0x000001bc12a37f10 Exception <a 'java/lang/NoSuchMethodError'{0x0000000710fec110}: 'void java.lang.invoke.DirectMethodHandle$Holder.invokeSpecial(java.lang.Object, java.lang.Object, java.lang.Object)'> (0x0000000710fec110) 
thrown [./open/src/hotspot/share/interpreter/linkResolver.cpp, line 782]
Event: 5.416 Thread 0x000001bc12a37f10 Exception <a 'java/lang/NoSuchMethodError'{0x0000000710a20d00}: 'java.lang.Object java.lang.invoke.DirectMethodHandle$Holder.invokeStatic(java.lang.Object)'> (0x0000000710a20d00) 
thrown [./open/src/hotspot/share/interpreter/linkResolver.cpp, line 782]
Event: 5.417 Thread 0x000001bc12a37f10 Exception <a 'java/lang/NoSuchMethodError'{0x0000000710a24618}: 'java.lang.Object java.lang.invoke.DirectMethodHandle$Holder.invokeStaticInit(java.lang.Object)'> (0x0000000710a24618) 
thrown [./open/src/hotspot/share/interpreter/linkResolver.cpp, line 782]
Event: 5.435 Thread 0x000001bc12a37f10 Exception <a 'java/lang/NoSuchMethodError'{0x0000000710a3f020}: 'void java.lang.invoke.DirectMethodHandle$Holder.invokeStatic(java.lang.Object, java.lang.Object)'> (0x0000000710a3f020) 
thrown [./open/src/hotspot/share/interpreter/linkResolver.cpp, line 782]
Event: 5.453 Thread 0x000001bc12a37f10 Exception <a 'java/lang/NoSuchMethodError'{0x0000000710a8d078}: 'java.lang.Object java.lang.invoke.DirectMethodHandle$Holder.invokeInterface(java.lang.Object, java.lang.Object)'> (0x0000000710a8d078) 
thrown [./open/src/hotspot/share/interpreter/linkResolver.cpp, line 782]
Event: 5.454 Thread 0x000001bc12a37f10 Exception <a 'java/lang/NoSuchMethodError'{0x0000000710a959b0}: 'java.lang.Object java.lang.invoke.DirectMethodHandle$Holder.invokeStaticInit(java.lang.Object, java.lang.Object, java.lang.Object)'> (0x0000000710a959b0) 
thrown [./open/src/hotspot/share/interpreter/linkResolver.cpp, line 782]
Event: 5.461 Thread 0x000001bc12a37f10 Exception <a 'java/lang/NoSuchMethodError'{0x0000000710abcf90}: 'int java.lang.invoke.DirectMethodHandle$Holder.invokeSpecial(java.lang.Object, java.lang.Object, java.lang.Object)'> (0x0000000710abcf90) 
thrown [./open/src/hotspot/share/interpreter/linkResolver.cpp, line 782]
Event: 5.496 Thread 0x000001bc12a37f10 Exception <a 'java/lang/NoSuchMethodError'{0x0000000710b6c688}: 'void java.lang.invoke.DirectMethodHandle$Holder.invokeStaticInit(java.lang.Object, java.lang.Object)'> (0x0000000710b6c688) 
thrown [./open/src/hotspot/share/interpreter/linkResolver.cpp, line 782]
Event: 5.502 Thread 0x000001bc12a37f10 Exception <a 'java/lang/NoSuchMethodError'{0x0000000710b99790}: 'java.lang.Object java.lang.invoke.DirectMethodHandle$Holder.invokeStaticInit(java.lang.Object, int, int, int, int)'> (0x0000000710b99790) 
thrown [./open/src/hotspot/share/interpreter/linkResolver.cpp, line 782]
Event: 5.558 Thread 0x000001bc12a37f10 Exception <a 'java/lang/NoSuchMethodError'{0x000000071080bba0}: 'java.lang.Object java.lang.invoke.DirectMethodHandle$Holder.invokeStaticInit(java.lang.Object, java.lang.Object, int, int, int, int)'> (0x000000071080bba0) 
thrown [./open/src/hotspot/share/interpreter/linkResolver.cpp, line 782]
Event: 5.603 Thread 0x000001bc12a37f10 Exception <a 'sun/nio/fs/WindowsException'{0x000000071099a2d0}> (0x000000071099a2d0) 
thrown [./open/src/hotspot/share/prims/jni.cpp, line 578]
Event: 5.645 Thread 0x000001bc12a37f10 Exception <a 'java/lang/NoSuchMethodError'{0x00000007109e6d48}: 'void java.lang.invoke.DirectMethodHandle$Holder.invokeStatic(java.lang.Object, java.lang.Object, java.lang.Object)'> (0x00000007109e6d48) 
thrown [./open/src/hotspot/share/interpreter/linkResolver.cpp, line 782]

Events (20 events):
Event: 5.609 loading class sun/nio/cs/ThreadLocalCoders$1
Event: 5.609 loading class sun/nio/cs/ThreadLocalCoders$Cache
Event: 5.609 loading class sun/nio/cs/ThreadLocalCoders$Cache done
Event: 5.609 loading class sun/nio/cs/ThreadLocalCoders$1 done
Event: 5.610 loading class sun/nio/cs/ThreadLocalCoders$2
Event: 5.610 loading class sun/nio/cs/ThreadLocalCoders$2 done
Event: 5.610 loading class javax/crypto/Mac
Event: 5.610 loading class javax/crypto/Mac done
Event: 5.610 loading class javax/crypto/MacSpi
Event: 5.610 loading class javax/crypto/MacSpi done
Event: 5.610 loading class com/sun/crypto/provider/HmacCore$HmacSHA256
Event: 5.610 loading class com/sun/crypto/provider/HmacCore
Event: 5.610 loading class com/sun/crypto/provider/HmacCore done
Event: 5.610 loading class com/sun/crypto/provider/HmacCore$HmacSHA256 done
Event: 5.611 loading class com/sun/crypto/provider/PBKDF2KeyImpl$1
Event: 5.611 loading class com/sun/crypto/provider/PBKDF2KeyImpl$1 done
Event: 5.646 loading class javax/crypto/spec/SecretKeySpec
Event: 5.646 loading class javax/crypto/spec/SecretKeySpec done
Event: 5.667 loading class java/util/TreeMap
Event: 5.668 loading class java/util/TreeMap done


Dynamic libraries:
0x00007ff7da460000 - 0x00007ff7da46d000 	C:\Users\john\.p2\pool\plugins\org.eclipse.justj.openjdk.hotspot.jre.full.win32.x86_64_15.0.1.v20201027-0507\jre\bin\javaw.exe
0x00007ffa7ac20000 - 0x00007ffa7ae10000 	C:\WINDOWS\SYSTEM32\ntdll.dll
0x00007ffa7ab10000 - 0x00007ffa7abc2000 	C:\WINDOWS\System32\KERNEL32.DLL
0x00007ffa78870000 - 0x00007ffa78b15000 	C:\WINDOWS\System32\KERNELBASE.dll
0x00007ffa77e40000 - 0x00007ffa77f3a000 	C:\WINDOWS\System32\ucrtbase.dll
0x00007ffa64af0000 - 0x00007ffa64b08000 	C:\Users\john\.p2\pool\plugins\org.eclipse.justj.openjdk.hotspot.jre.full.win32.x86_64_15.0.1.v20201027-0507\jre\bin\jli.dll
0x00007ffa79fe0000 - 0x00007ffa7a174000 	C:\WINDOWS\System32\USER32.dll
0x00007ffa78ca0000 - 0x00007ffa78cc1000 	C:\WINDOWS\System32\win32u.dll
0x00007ffa7a3e0000 - 0x00007ffa7a406000 	C:\WINDOWS\System32\GDI32.dll
0x00007ffa77c00000 - 0x00007ffa77d98000 	C:\WINDOWS\System32\gdi32full.dll
0x00007ffa77da0000 - 0x00007ffa77e3e000 	C:\WINDOWS\System32\msvcp_win.dll
0x00007ffa64ad0000 - 0x00007ffa64ae9000 	C:\Users\john\.p2\pool\plugins\org.eclipse.justj.openjdk.hotspot.jre.full.win32.x86_64_15.0.1.v20201027-0507\jre\bin\VCRUNTIME140.dll
0x00007ffa69ca0000 - 0x00007ffa69f24000 	C:\WINDOWS\WinSxS\amd64_microsoft.windows.common-controls_6595b64144ccf1df_6.0.18362.1316_none_9e7a364fe461dbd7\COMCTL32.dll
0x00007ffa79b40000 - 0x00007ffa79bde000 	C:\WINDOWS\System32\msvcrt.dll
0x00007ffa7a4e0000 - 0x00007ffa7a817000 	C:\WINDOWS\System32\combase.dll
0x00007ffa79530000 - 0x00007ffa7964f000 	C:\WINDOWS\System32\RPCRT4.dll
0x00007ffa77f40000 - 0x00007ffa77fc1000 	C:\WINDOWS\System32\bcryptPrimitives.dll
0x00007ffa7a820000 - 0x00007ffa7a84e000 	C:\WINDOWS\System32\IMM32.DLL
0x00007ffa64ac0000 - 0x00007ffa64acc000 	C:\Users\john\.p2\pool\plugins\org.eclipse.justj.openjdk.hotspot.jre.full.win32.x86_64_15.0.1.v20201027-0507\jre\bin\vcruntime140_1.dll
0x00007ffa54920000 - 0x00007ffa549b1000 	C:\Users\john\.p2\pool\plugins\org.eclipse.justj.openjdk.hotspot.jre.full.win32.x86_64_15.0.1.v20201027-0507\jre\bin\msvcp140.dll
0x00007ffa4e210000 - 0x00007ffa4ed6e000 	C:\Users\john\.p2\pool\plugins\org.eclipse.justj.openjdk.hotspot.jre.full.win32.x86_64_15.0.1.v20201027-0507\jre\bin\server\jvm.dll
0x00007ffa79c40000 - 0x00007ffa79ce3000 	C:\WINDOWS\System32\ADVAPI32.dll
0x00007ffa7a1a0000 - 0x00007ffa7a237000 	C:\WINDOWS\System32\sechost.dll
0x00007ffa7abd0000 - 0x00007ffa7abd8000 	C:\WINDOWS\System32\PSAPI.DLL
0x00007ffa6c790000 - 0x00007ffa6c799000 	C:\WINDOWS\SYSTEM32\WSOCK32.dll
0x00007ffa75cf0000 - 0x00007ffa75d14000 	C:\WINDOWS\SYSTEM32\WINMM.dll
0x00007ffa79cf0000 - 0x00007ffa79d5f000 	C:\WINDOWS\System32\WS2_32.dll
0x00007ffa70e80000 - 0x00007ffa70e8a000 	C:\WINDOWS\SYSTEM32\VERSION.dll
0x00007ffa75ac0000 - 0x00007ffa75aed000 	C:\WINDOWS\SYSTEM32\WINMMBASE.dll
0x00007ffa78820000 - 0x00007ffa7886a000 	C:\WINDOWS\System32\cfgmgr32.dll
0x00007ffa77b60000 - 0x00007ffa77b71000 	C:\WINDOWS\System32\kernel.appcore.dll
0x00007ffa74430000 - 0x00007ffa7443a000 	C:\Users\john\.p2\pool\plugins\org.eclipse.justj.openjdk.hotspot.jre.full.win32.x86_64_15.0.1.v20201027-0507\jre\bin\jimage.dll
0x00007ffa71090000 - 0x00007ffa71284000 	C:\WINDOWS\SYSTEM32\DBGHELP.DLL
0x00007ffa70e50000 - 0x00007ffa70e7a000 	C:\WINDOWS\SYSTEM32\dbgcore.DLL
0x00007ffa65a10000 - 0x00007ffa65a35000 	C:\Users\john\.p2\pool\plugins\org.eclipse.justj.openjdk.hotspot.jre.full.win32.x86_64_15.0.1.v20201027-0507\jre\bin\java.dll
0x00007ffa6ec80000 - 0x00007ffa6ec98000 	C:\Users\john\.p2\pool\plugins\org.eclipse.justj.openjdk.hotspot.jre.full.win32.x86_64_15.0.1.v20201027-0507\jre\bin\zip.dll
0x00007ffa78e30000 - 0x00007ffa79518000 	C:\WINDOWS\System32\SHELL32.dll
0x00007ffa7aa00000 - 0x00007ffa7aaa7000 	C:\WINDOWS\System32\shcore.dll
0x00007ffa780a0000 - 0x00007ffa7881b000 	C:\WINDOWS\System32\windows.storage.dll
0x00007ffa77ae0000 - 0x00007ffa77b03000 	C:\WINDOWS\System32\profapi.dll
0x00007ffa77b10000 - 0x00007ffa77b5a000 	C:\WINDOWS\System32\powrprof.dll
0x00007ffa77ad0000 - 0x00007ffa77ae0000 	C:\WINDOWS\System32\UMPDC.dll
0x00007ffa7a380000 - 0x00007ffa7a3d2000 	C:\WINDOWS\System32\shlwapi.dll
0x00007ffa77fd0000 - 0x00007ffa77fe7000 	C:\WINDOWS\System32\cryptsp.dll
0x00007ffa6e5d0000 - 0x00007ffa6e5e9000 	C:\Users\john\.p2\pool\plugins\org.eclipse.justj.openjdk.hotspot.jre.full.win32.x86_64_15.0.1.v20201027-0507\jre\bin\net.dll
0x00007ffa70d50000 - 0x00007ffa70e40000 	C:\WINDOWS\SYSTEM32\WINHTTP.dll
0x00007ffa772b0000 - 0x00007ffa77317000 	C:\WINDOWS\system32\mswsock.dll
0x00007ffa6c300000 - 0x00007ffa6c312000 	C:\Users\john\.p2\pool\plugins\org.eclipse.justj.openjdk.hotspot.jre.full.win32.x86_64_15.0.1.v20201027-0507\jre\bin\nio.dll
0x00007ffa77000000 - 0x00007ffa770cb000 	C:\WINDOWS\SYSTEM32\DNSAPI.dll
0x00007ffa79520000 - 0x00007ffa79528000 	C:\WINDOWS\System32\NSI.dll
0x00007ffa76fc0000 - 0x00007ffa76ffa000 	C:\WINDOWS\SYSTEM32\IPHLPAPI.DLL
0x00007ffa709b0000 - 0x00007ffa709ba000 	C:\Windows\System32\rasadhlp.dll
0x00007ffa72040000 - 0x00007ffa720b7000 	C:\WINDOWS\System32\fwpuclnt.dll
0x00007ffa78c70000 - 0x00007ffa78c96000 	C:\WINDOWS\System32\bcrypt.dll
0x00007ffa6eec0000 - 0x00007ffa6eec9000 	C:\Users\john\.p2\pool\plugins\org.eclipse.justj.openjdk.hotspot.jre.full.win32.x86_64_15.0.1.v20201027-0507\jre\bin\management.dll
0x00007ffa6c980000 - 0x00007ffa6c98b000 	C:\Users\john\.p2\pool\plugins\org.eclipse.justj.openjdk.hotspot.jre.full.win32.x86_64_15.0.1.v20201027-0507\jre\bin\management_ext.dll
0x00007ffa76e30000 - 0x00007ffa76e63000 	C:\WINDOWS\system32\rsaenh.dll
0x00007ffa779f0000 - 0x00007ffa77a15000 	C:\WINDOWS\SYSTEM32\USERENV.dll
0x00007ffa77480000 - 0x00007ffa7748c000 	C:\WINDOWS\SYSTEM32\CRYPTBASE.dll
0x00007ffa724a0000 - 0x00007ffa724b6000 	C:\WINDOWS\SYSTEM32\dhcpcsvc6.DLL
0x00007ffa72480000 - 0x00007ffa7249c000 	C:\WINDOWS\SYSTEM32\dhcpcsvc.DLL
0x00007ffa71ec0000 - 0x00007ffa71ecd000 	C:\Users\john\.p2\pool\plugins\org.eclipse.justj.openjdk.hotspot.jre.full.win32.x86_64_15.0.1.v20201027-0507\jre\bin\sunmscapi.dll
0x00007ffa78b20000 - 0x00007ffa78c6a000 	C:\WINDOWS\System32\CRYPT32.dll
0x00007ffa77b80000 - 0x00007ffa77b92000 	C:\WINDOWS\System32\MSASN1.dll
0x00007ffa77580000 - 0x00007ffa775a6000 	C:\WINDOWS\SYSTEM32\ncrypt.dll
0x00007ffa77540000 - 0x00007ffa7757b000 	C:\WINDOWS\SYSTEM32\NTASN1.dll

dbghelp: loaded successfully - version: 4.0.5 - missing functions: none
symbol engine: initialized successfully - sym options: 0x614 - pdb path: .;C:\Users\john\.p2\pool\plugins\org.eclipse.justj.openjdk.hotspot.jre.full.win32.x86_64_15.0.1.v20201027-0507\jre\bin;C:\WINDOWS\SYSTEM32;C:\WINDOWS\WinSxS\amd64_microsoft.windows.common-controls_6595b64144ccf1df_6.0.18362.1316_none_9e7a364fe461dbd7;C:\Users\john\.p2\pool\plugins\org.eclipse.justj.openjdk.hotspot.jre.full.win32.x86_64_15.0.1.v20201027-0507\jre\bin\server

VM Arguments:
jvm_args: -Dfile.encoding=Cp1252 -XX:+ShowCodeDetailsInExceptionMessages 
java_command: com.bank.Menu.bankStart
java_class_path (initial): D:\lunaj\eclipse\Bank\target\classes;C:\Users\john\.p2\pool\plugins\org.junit_4.13.0.v20200204-1500.jar;C:\Users\john\.p2\pool\plugins\org.hamcrest.core_1.3.0.v20180420-1519.jar;C:\Users\john\.m2\repository\org\postgresql\postgresql\42.2.18\postgresql-42.2.18.jar;C:\Users\john\.m2\repository\org\checkerframework\checker-qual\3.5.0\checker-qual-3.5.0.jar
Launcher Type: SUN_STANDARD

[Global flags]
     intx CICompilerCount                          = 3                                         {product} {ergonomic}
     uint ConcGCThreads                            = 1                                         {product} {ergonomic}
     uint G1ConcRefinementThreads                  = 4                                         {product} {ergonomic}
   size_t G1HeapRegionSize                         = 2097152                                   {product} {ergonomic}
    uintx GCDrainStackTargetSize                   = 64                                        {product} {ergonomic}
   size_t InitialHeapSize                          = 268435456                                 {product} {ergonomic}
   size_t MarkStackSize                            = 4194304                                   {product} {ergonomic}
   size_t MaxHeapSize                              = 4278190080                                {product} {ergonomic}
   size_t MaxNewSize                               = 2566914048                                {product} {ergonomic}
   size_t MinHeapDeltaBytes                        = 2097152                                   {product} {ergonomic}
   size_t MinHeapSize                              = 8388608                                   {product} {ergonomic}
    uintx NonNMethodCodeHeapSize                   = 5832780                                {pd product} {ergonomic}
    uintx NonProfiledCodeHeapSize                  = 122912730                              {pd product} {ergonomic}
    uintx ProfiledCodeHeapSize                     = 122912730                              {pd product} {ergonomic}
    uintx ReservedCodeCacheSize                    = 251658240                              {pd product} {ergonomic}
     bool SegmentedCodeCache                       = true                                      {product} {ergonomic}
     bool ShowCodeDetailsInExceptionMessages       = true                                   {manageable} {command line}
   size_t SoftMaxHeapSize                          = 4278190080                             {manageable} {ergonomic}
     bool UseCompressedClassPointers               = true                                 {lp64_product} {ergonomic}
     bool UseCompressedOops                        = true                                 {lp64_product} {ergonomic}
     bool UseG1GC                                  = true                                      {product} {ergonomic}
     bool UseLargePagesIndividualAllocation        = false                                  {pd product} {ergonomic}

Logging:
Log output configuration:
 #0: stdout all=warning uptime,level,tags
 #1: stderr all=off uptime,level,tags

Environment Variables:
PATH=C:/Users/john/.p2/pool/plugins/org.eclipse.justj.openjdk.hotspot.jre.full.win32.x86_64_15.0.1.v20201027-0507/jre/bin/server;C:/Users/john/.p2/pool/plugins/org.eclipse.justj.openjdk.hotspot.jre.full.win32.x86_64_15.0.1.v20201027-0507/jre/bin;C:\Program Files\Common Files\Oracle\Java\javapath;C:\Program Files (x86)\Common Files\Oracle\Java\javapath;C:\WINDOWS\system32;C:\WINDOWS;C:\WINDOWS\System32\Wbem;C:\WINDOWS\System32\WindowsPowerShell\v1.0\;C:\WINDOWS\System32\OpenSSH\;C:\Program Files\Git\cmd;C:\Users\john\AppData\Local\Microsoft\WindowsApps;;C:\WINDOWS\system32;
USERNAME=john
OS=Windows_NT
PROCESSOR_IDENTIFIER=AMD64 Family 23 Model 17 Stepping 0, AuthenticAMD



---------------  S Y S T E M  ---------------

OS:
 Windows 10 , 64 bit Build 18362 (10.0.18362.1316)
OS uptime: 9 days 12:00 hours

CPU: total 4 (initial active 4) (4 cores per cpu, 1 threads per core) family 23 model 17 stepping 0 microcode 0x0, cmov, cx8, fxsr, mmx, sse, sse2, sse3, ssse3, sse4.1, sse4.2, popcnt, vzeroupper, avx, avx2, aes, clmul, 3dnowpref, lzcnt, sse4a, tsc, tscinvbit, tscinv, bmi1, bmi2, adx, sha, fma, clflush, clflushopt

Memory: 4k page, system-wide physical 16313M (7420M free)
TotalPageFile size 30622M (AvailPageFile size 5M)
current process WorkingSet (physical memory assigned to process): 61M, peak: 61M
current process commit charge ("private bytes"): 345M, peak: 345M

vm_info: OpenJDK 64-Bit Server VM (15.0.1+9-18) for windows-amd64 JRE (15.0.1+9-18), built on Sep 15 2020 14:39:31 by "mach5one" with unknown MS VC++:1925

END.
