#
# There is insufficient memory for the Java Runtime Environment to continue.
# Native memory allocation (mmap) failed to map 268435456 bytes for G1 virtual space
# Possible reasons:
#   The system is out of physical RAM or swap space
#   The process is running with CompressedOops enabled, and the Java Heap may be blocking the growth of the native heap
# Possible solutions:
#   Reduce memory load on the system
#   Increase physical memory or swap space
#   Check if swap backing store is full
#   Decrease Java heap size (-Xmx/-Xms)
#   Decrease number of Java threads
#   Decrease Java thread stack sizes (-Xss)
#   Set larger code cache with -XX:ReservedCodeCacheSize=
#   JVM is running with Zero Based Compressed Oops mode in which the Java heap is
#     placed in the first 32GB address space. The Java Heap base address is the
#     maximum limit for the native heap growth. Please use -XX:HeapBaseMinAddress
#     to set the Java Heap base and to place the Java Heap above 32GB virtual address.
# This output file may be truncated or incomplete.
#
#  Out of Memory Error (./open/src/hotspot/os/windows/os_windows.cpp:3472), pid=14356, tid=18140
#
# JRE version:  (15.0.1+9) (build )
# Java VM: OpenJDK 64-Bit Server VM (15.0.1+9-18, mixed mode, sharing, tiered, compressed oops, g1 gc, windows-amd64)
# No core dump will be written. Minidumps are not enabled by default on client versions of Windows
#

---------------  S U M M A R Y ------------

Command Line: -Dfile.encoding=Cp1252 -XX:+ShowCodeDetailsInExceptionMessages com.bank.Menu.bankStart

Host: AMD Ryzen 3 2200G with Radeon Vega Graphics    , 4 cores, 15G,  Windows 10 , 64 bit Build 18362 (10.0.18362.1316)
Time: Mon Jan 25 03:34:58 2021 Central Standard Time elapsed time: 0.010190 seconds (0d 0h 0m 0s)

---------------  T H R E A D  ---------------

Current thread (0x000001c1573b30c0):  JavaThread "Unknown thread" [_thread_in_vm, id=18140, stack(0x0000006566a00000,0x0000006566b00000)]

Stack: [0x0000006566a00000,0x0000006566b00000]
Native frames: (J=compiled Java code, j=interpreted, Vv=VM code, C=native code)
V  [jvm.dll+0x62ae9a]
V  [jvm.dll+0x781389]
V  [jvm.dll+0x782ae3]
V  [jvm.dll+0x783143]
V  [jvm.dll+0x216265]
V  [jvm.dll+0x6281d9]
V  [jvm.dll+0x61cd15]
V  [jvm.dll+0x2d01fd]
V  [jvm.dll+0x2d0062]
V  [jvm.dll+0x2d603c]
V  [jvm.dll+0x325b2a]
V  [jvm.dll+0x3251f4]
V  [jvm.dll+0x2a717a]
V  [jvm.dll+0x2a8318]
V  [jvm.dll+0x75e101]
V  [jvm.dll+0x3343e4]
V  [jvm.dll+0x73e826]
V  [jvm.dll+0x3b7777]
V  [jvm.dll+0x3b9201]
C  [jli.dll+0x52fb]
C  [ucrtbase.dll+0x210b2]
C  [KERNEL32.DLL+0x17c24]
C  [ntdll.dll+0x6d4d1]


---------------  P R O C E S S  ---------------

Threads class SMR info:
_java_thread_list=0x00007ffa418b4ff0, length=0, elements={
}

Java Threads: ( => current thread )

Other Threads:
  0x000001c157402220 GCTaskThread "GC Thread#0" [stack: 0x0000006566b00000,0x0000006566c00000] [id=19100]
  0x000001c157414310 ConcurrentGCThread "G1 Main Marker" [stack: 0x0000006566c00000,0x0000006566d00000] [id=15936]
  0x000001c157415630 ConcurrentGCThread "G1 Conc#0" [stack: 0x0000006566d00000,0x0000006566e00000] [id=8584]

[error occurred during error reporting (printing all threads), id 0xc0000005, EXCEPTION_ACCESS_VIOLATION (0xc0000005) at pc=0x00007ffa410a8047]

VM state: not at safepoint (not fully initialized)

VM Mutex/Monitor currently owned by a thread:  ([mutex/lock_event])
[0x000001c1573b0740] Heap_lock - owner thread: 0x000001c1573b30c0

Heap address: 0x0000000701000000, size: 4080 MB, Compressed Oops mode: Zero based, Oop shift amount: 3
CDS archive(s) mapped at: [0x0000000000000000-0x0000000000000000-0x0000000000000000), size 0, SharedBaseAddress: 0x0000000800000000, ArchiveRelocationMode: 0.
Narrow klass base: 0x0000000000000000, Narrow klass shift: 0, Narrow klass range: 0x0

Heap:
 garbage-first heap   total 262144K, used 0K [0x0000000701000000, 0x0000000800000000)
  region size 2048K, 0 young (0K), 0 survivors (0K)
 Metaspace       used 0K, capacity 0K, committed 0K, reserved 0K
  class space    used 0K, capacity 0K, committed 0K, reserved 0K

Heap Regions: E=young(eden), S=young(survivor), O=old, HS=humongous(starts), HC=humongous(continues), CS=collection set, F=free, OA=open archive, CA=closed archive, TAMS=top-at-mark-start (previous, next)

Card table byte_map: [0x000001c16a5b0000,0x000001c16adb0000] _byte_map_base: 0x000001c166da8000

Marking Bits (Prev, Next): (CMBitMap*) 0x000001c1574039b0, (CMBitMap*) 0x000001c1574039f0
 Prev Bits: [0x000001c16b5b0000, 0x000001c16f570000)
 Next Bits: [0x000001c16f570000, 0x000001c173530000)

GC Heap History (0 events):
No events

Deoptimization events (0 events):
No events

Classes unloaded (0 events):
No events

Classes redefined (0 events):
No events

Internal exceptions (0 events):
No events

Events (1 events):
Event: 0.006 Loaded shared library C:\Users\john\.p2\pool\plugins\org.eclipse.justj.openjdk.hotspot.jre.full.win32.x86_64_15.0.1.v20201027-0507\jre\bin\java.dll


Dynamic libraries:
0x00007ff7da460000 - 0x00007ff7da46d000 	C:\Users\john\.p2\pool\plugins\org.eclipse.justj.openjdk.hotspot.jre.full.win32.x86_64_15.0.1.v20201027-0507\jre\bin\javaw.exe
0x00007ffa7ac20000 - 0x00007ffa7ae10000 	C:\WINDOWS\SYSTEM32\ntdll.dll
0x00007ffa7ab10000 - 0x00007ffa7abc2000 	C:\WINDOWS\System32\KERNEL32.DLL
0x00007ffa78870000 - 0x00007ffa78b15000 	C:\WINDOWS\System32\KERNELBASE.dll
0x00007ffa75d50000 - 0x00007ffa75ddf000 	C:\WINDOWS\SYSTEM32\apphelp.dll
0x00007ffa77e40000 - 0x00007ffa77f3a000 	C:\WINDOWS\System32\ucrtbase.dll
0x00007ffa63ad0000 - 0x00007ffa63ae9000 	C:\Users\john\.p2\pool\plugins\org.eclipse.justj.openjdk.hotspot.jre.full.win32.x86_64_15.0.1.v20201027-0507\jre\bin\VCRUNTIME140.dll
0x00007ffa63e50000 - 0x00007ffa63e68000 	C:\Users\john\.p2\pool\plugins\org.eclipse.justj.openjdk.hotspot.jre.full.win32.x86_64_15.0.1.v20201027-0507\jre\bin\jli.dll
0x00007ffa79fe0000 - 0x00007ffa7a174000 	C:\WINDOWS\System32\USER32.dll
0x00007ffa78ca0000 - 0x00007ffa78cc1000 	C:\WINDOWS\System32\win32u.dll
0x00007ffa69ca0000 - 0x00007ffa69f24000 	C:\WINDOWS\WinSxS\amd64_microsoft.windows.common-controls_6595b64144ccf1df_6.0.18362.1316_none_9e7a364fe461dbd7\COMCTL32.dll
0x00007ffa7a3e0000 - 0x00007ffa7a406000 	C:\WINDOWS\System32\GDI32.dll
0x00007ffa79b40000 - 0x00007ffa79bde000 	C:\WINDOWS\System32\msvcrt.dll
0x00007ffa77c00000 - 0x00007ffa77d98000 	C:\WINDOWS\System32\gdi32full.dll
0x00007ffa77da0000 - 0x00007ffa77e3e000 	C:\WINDOWS\System32\msvcp_win.dll
0x00007ffa7a4e0000 - 0x00007ffa7a817000 	C:\WINDOWS\System32\combase.dll
0x00007ffa79530000 - 0x00007ffa7964f000 	C:\WINDOWS\System32\RPCRT4.dll
0x00007ffa77f40000 - 0x00007ffa77fc1000 	C:\WINDOWS\System32\bcryptPrimitives.dll
0x00007ffa7a820000 - 0x00007ffa7a84e000 	C:\WINDOWS\System32\IMM32.DLL
0x00007ffa6c310000 - 0x00007ffa6c31c000 	C:\Users\john\.p2\pool\plugins\org.eclipse.justj.openjdk.hotspot.jre.full.win32.x86_64_15.0.1.v20201027-0507\jre\bin\vcruntime140_1.dll
0x00007ffa4a610000 - 0x00007ffa4a6a1000 	C:\Users\john\.p2\pool\plugins\org.eclipse.justj.openjdk.hotspot.jre.full.win32.x86_64_15.0.1.v20201027-0507\jre\bin\msvcp140.dll
0x00007ffa40df0000 - 0x00007ffa4194e000 	C:\Users\john\.p2\pool\plugins\org.eclipse.justj.openjdk.hotspot.jre.full.win32.x86_64_15.0.1.v20201027-0507\jre\bin\server\jvm.dll
0x00007ffa79c40000 - 0x00007ffa79ce3000 	C:\WINDOWS\System32\ADVAPI32.dll
0x00007ffa7a1a0000 - 0x00007ffa7a237000 	C:\WINDOWS\System32\sechost.dll
0x00007ffa7abd0000 - 0x00007ffa7abd8000 	C:\WINDOWS\System32\PSAPI.DLL
0x00007ffa75cf0000 - 0x00007ffa75d14000 	C:\WINDOWS\SYSTEM32\WINMM.dll
0x00007ffa6c790000 - 0x00007ffa6c799000 	C:\WINDOWS\SYSTEM32\WSOCK32.dll
0x00007ffa70e80000 - 0x00007ffa70e8a000 	C:\WINDOWS\SYSTEM32\VERSION.dll
0x00007ffa79cf0000 - 0x00007ffa79d5f000 	C:\WINDOWS\System32\WS2_32.dll
0x00007ffa75ac0000 - 0x00007ffa75aed000 	C:\WINDOWS\SYSTEM32\winmmbase.dll
0x00007ffa78820000 - 0x00007ffa7886a000 	C:\WINDOWS\System32\cfgmgr32.dll
0x00007ffa77b60000 - 0x00007ffa77b71000 	C:\WINDOWS\System32\kernel.appcore.dll
0x00007ffa74430000 - 0x00007ffa7443a000 	C:\Users\john\.p2\pool\plugins\org.eclipse.justj.openjdk.hotspot.jre.full.win32.x86_64_15.0.1.v20201027-0507\jre\bin\jimage.dll
0x00007ffa71090000 - 0x00007ffa71284000 	C:\WINDOWS\SYSTEM32\DBGHELP.DLL
0x00007ffa70e50000 - 0x00007ffa70e7a000 	C:\WINDOWS\SYSTEM32\dbgcore.DLL
0x00007ffa64840000 - 0x00007ffa64865000 	C:\Users\john\.p2\pool\plugins\org.eclipse.justj.openjdk.hotspot.jre.full.win32.x86_64_15.0.1.v20201027-0507\jre\bin\java.dll

dbghelp: loaded successfully - version: 4.0.5 - missing functions: none
symbol engine: initialized successfully - sym options: 0x614 - pdb path: .;C:\Users\john\.p2\pool\plugins\org.eclipse.justj.openjdk.hotspot.jre.full.win32.x86_64_15.0.1.v20201027-0507\jre\bin;C:\WINDOWS\SYSTEM32;C:\WINDOWS\WinSxS\amd64_microsoft.windows.common-controls_6595b64144ccf1df_6.0.18362.1316_none_9e7a364fe461dbd7;C:\Users\john\.p2\pool\plugins\org.eclipse.justj.openjdk.hotspot.jre.full.win32.x86_64_15.0.1.v20201027-0507\jre\bin\server

VM Arguments:
jvm_args: -Dfile.encoding=Cp1252 -XX:+ShowCodeDetailsInExceptionMessages 
java_command: com.bank.Menu.bankStart
java_class_path (initial): D:\lunaj\eclipse\Bank\target\classes;C:\Users\john\.p2\pool\plugins\org.junit_4.13.0.v20200204-1500.jar;C:\Users\john\.p2\pool\plugins\org.hamcrest.core_1.3.0.v20180420-1519.jar;C:\Users\john\.m2\repository\org\postgresql\postgresql\42.2.18\postgresql-42.2.18.jar;C:\Users\john\.m2\repository\org\checkerframework\checker-qual\3.5.0\checker-qual-3.5.0.jar
Launcher Type: SUN_STANDARD

[Global flags]
     intx CICompilerCount                          = 3                                         {product} {ergonomic}
     uint ConcGCThreads                            = 1                                         {product} {ergonomic}
     uint G1ConcRefinementThreads                  = 4                                         {product} {ergonomic}
   size_t G1HeapRegionSize                         = 2097152                                   {product} {ergonomic}
    uintx GCDrainStackTargetSize                   = 64                                        {product} {ergonomic}
   size_t InitialHeapSize                          = 268435456                                 {product} {ergonomic}
   size_t MarkStackSize                            = 4194304                                   {product} {ergonomic}
   size_t MaxHeapSize                              = 4278190080                                {product} {ergonomic}
   size_t MinHeapDeltaBytes                        = 2097152                                   {product} {ergonomic}
   size_t MinHeapSize                              = 8388608                                   {product} {ergonomic}
    uintx NonNMethodCodeHeapSize                   = 5832780                                {pd product} {ergonomic}
    uintx NonProfiledCodeHeapSize                  = 122912730                              {pd product} {ergonomic}
    uintx ProfiledCodeHeapSize                     = 122912730                              {pd product} {ergonomic}
    uintx ReservedCodeCacheSize                    = 251658240                              {pd product} {ergonomic}
     bool SegmentedCodeCache                       = true                                      {product} {ergonomic}
     bool ShowCodeDetailsInExceptionMessages       = true                                   {manageable} {command line}
   size_t SoftMaxHeapSize                          = 4278190080                             {manageable} {ergonomic}
     bool UseCompressedClassPointers               = true                                 {lp64_product} {ergonomic}
     bool UseCompressedOops                        = true                                 {lp64_product} {ergonomic}
     bool UseG1GC                                  = true                                      {product} {ergonomic}
     bool UseLargePagesIndividualAllocation        = false                                  {pd product} {ergonomic}

Logging:
Log output configuration:
 #0: stdout all=warning uptime,level,tags
 #1: stderr all=off uptime,level,tags

Environment Variables:
PATH=C:/Users/john/.p2/pool/plugins/org.eclipse.justj.openjdk.hotspot.jre.full.win32.x86_64_15.0.1.v20201027-0507/jre/bin/server;C:/Users/john/.p2/pool/plugins/org.eclipse.justj.openjdk.hotspot.jre.full.win32.x86_64_15.0.1.v20201027-0507/jre/bin;C:\Program Files\Common Files\Oracle\Java\javapath;C:\Program Files (x86)\Common Files\Oracle\Java\javapath;C:\WINDOWS\system32;C:\WINDOWS;C:\WINDOWS\System32\Wbem;C:\WINDOWS\System32\WindowsPowerShell\v1.0\;C:\WINDOWS\System32\OpenSSH\;C:\Program Files\Git\cmd;C:\Users\john\AppData\Local\Microsoft\WindowsApps;;C:\Users\john\Desktop;
USERNAME=john
OS=Windows_NT
PROCESSOR_IDENTIFIER=AMD64 Family 23 Model 17 Stepping 0, AuthenticAMD



---------------  S Y S T E M  ---------------

OS:
 Windows 10 , 64 bit Build 18362 (10.0.18362.1316)
OS uptime: 9 days 3:11 hours

CPU: total 4 (initial active 4) (4 cores per cpu, 1 threads per core) family 23 model 17 stepping 0 microcode 0x0, cmov, cx8, fxsr, mmx, sse, sse2, sse3, ssse3, sse4.1, sse4.2, popcnt, vzeroupper, avx, avx2, aes, clmul, 3dnowpref, lzcnt, sse4a, tsc, tscinvbit, tscinv, bmi1, bmi2, adx, sha, fma, clflush, clflushopt

Memory: 4k page, system-wide physical 16313M (7089M free)
TotalPageFile size 30567M (AvailPageFile size 186M)
current process WorkingSet (physical memory assigned to process): 10M, peak: 10M
current process commit charge ("private bytes"): 52M, peak: 307M

vm_info: OpenJDK 64-Bit Server VM (15.0.1+9-18) for windows-amd64 JRE (15.0.1+9-18), built on Sep 15 2020 14:39:31 by "mach5one" with unknown MS VC++:1925

END.
